Analysis & Elaboration report for Pikachus_Adventure
Mon Nov 12 17:38:29 2018
Quartus Prime Version 18.0.0 Build 614 04/24/2018 SJ Lite Edition


---------------------
; Table of Contents ;
---------------------
  1. Legal Notice
  2. Analysis & Elaboration Summary
  3. Parallel Compilation
  4. Parameter Settings for User Entity Instance: ALU_N_bits:dut
  5. Parameter Settings for User Entity Instance: ALU_N_bits:dut|mux_Sumador:mux_S
  6. Parameter Settings for User Entity Instance: ALU_N_bits:dut|sumador:suma_F
  7. Parameter Settings for User Entity Instance: ALU_N_bits:dut|and_A:and_F
  8. Parameter Settings for User Entity Instance: ALU_N_bits:dut|or_A:or_F
  9. Parameter Settings for User Entity Instance: ALU_N_bits:dut|xor_A:xor_F
 10. Parameter Settings for User Entity Instance: ALU_N_bits:dut|not_A:not_F
 11. Parameter Settings for User Entity Instance: ALU_N_bits:dut|left_shift_arithmetic:lsa
 12. Parameter Settings for User Entity Instance: ALU_N_bits:dut|right_shift_arithmetic:rsa
 13. Parameter Settings for User Entity Instance: ALU_N_bits:dut|left_shift_logic:lsl
 14. Parameter Settings for User Entity Instance: ALU_N_bits:dut|right_shift_logic:rsl
 15. Parameter Settings for User Entity Instance: ALU_N_bits:dut|mux_ALU:mux_F
 16. Parameter Settings for User Entity Instance: ALU_N_bits:dut|flags:flags_F
 17. Analysis & Elaboration Settings
 18. Port Connectivity Checks: "ALU_N_bits:dut"
 19. Analysis & Elaboration Messages
 20. Analysis & Elaboration Suppressed Messages



----------------
; Legal Notice ;
----------------
Copyright (C) 2018  Intel Corporation. All rights reserved.
Your use of Intel Corporation's design tools, logic functions 
and other software and tools, and its AMPP partner logic 
functions, and any output files from any of the foregoing 
(including device programming or simulation files), and any 
associated documentation or information are expressly subject 
to the terms and conditions of the Intel Program License 
Subscription Agreement, the Intel Quartus Prime License Agreement,
the Intel FPGA IP License Agreement, or other applicable license
agreement, including, without limitation, that your use is for
the sole purpose of programming logic devices manufactured by
Intel and sold by Intel or its authorized distributors.  Please
refer to the applicable agreement for further details.



+-----------------------------------------------------------------------------+
; Analysis & Elaboration Summary                                              ;
+-------------------------------+---------------------------------------------+
; Analysis & Elaboration Status ; Successful - Mon Nov 12 17:38:29 2018       ;
; Quartus Prime Version         ; 18.0.0 Build 614 04/24/2018 SJ Lite Edition ;
; Revision Name                 ; Pikachus_Adventure                          ;
; Top-level Entity Name         ; tb_ALU                                      ;
; Family                        ; Cyclone V                                   ;
; Logic utilization (in ALMs)   ; N/A until Partition Merge                   ;
; Total registers               ; N/A until Partition Merge                   ;
; Total pins                    ; N/A until Partition Merge                   ;
; Total virtual pins            ; N/A until Partition Merge                   ;
; Total block memory bits       ; N/A until Partition Merge                   ;
; Total PLLs                    ; N/A until Partition Merge                   ;
; Total DLLs                    ; N/A until Partition Merge                   ;
+-------------------------------+---------------------------------------------+


+------------------------------------------+
; Parallel Compilation                     ;
+----------------------------+-------------+
; Processors                 ; Number      ;
+----------------------------+-------------+
; Number detected on machine ; 4           ;
; Maximum allowed            ; 2           ;
;                            ;             ;
; Average used               ; 1.00        ;
; Maximum used               ; 1           ;
;                            ;             ;
; Usage by Processor         ; % Time Used ;
;     Processor 1            ; 100.0%      ;
+----------------------------+-------------+


+-------------------------------------------------------------+
; Parameter Settings for User Entity Instance: ALU_N_bits:dut ;
+----------------+-------+------------------------------------+
; Parameter Name ; Value ; Type                               ;
+----------------+-------+------------------------------------+
; N              ; 4     ; Signed Integer                     ;
+----------------+-------+------------------------------------+
Note: In order to hide this table in the UI and the text report file, please set the "Show Parameter Settings in Synthesis Report" option in "Analysis and Synthesis Settings -> More Settings" to "Off".


+-------------------------------------------------------------------------------+
; Parameter Settings for User Entity Instance: ALU_N_bits:dut|mux_Sumador:mux_S ;
+----------------+-------+------------------------------------------------------+
; Parameter Name ; Value ; Type                                                 ;
+----------------+-------+------------------------------------------------------+
; N              ; 4     ; Signed Integer                                       ;
+----------------+-------+------------------------------------------------------+
Note: In order to hide this table in the UI and the text report file, please set the "Show Parameter Settings in Synthesis Report" option in "Analysis and Synthesis Settings -> More Settings" to "Off".


+----------------------------------------------------------------------------+
; Parameter Settings for User Entity Instance: ALU_N_bits:dut|sumador:suma_F ;
+----------------+-------+---------------------------------------------------+
; Parameter Name ; Value ; Type                                              ;
+----------------+-------+---------------------------------------------------+
; N              ; 4     ; Signed Integer                                    ;
+----------------+-------+---------------------------------------------------+
Note: In order to hide this table in the UI and the text report file, please set the "Show Parameter Settings in Synthesis Report" option in "Analysis and Synthesis Settings -> More Settings" to "Off".


+-------------------------------------------------------------------------+
; Parameter Settings for User Entity Instance: ALU_N_bits:dut|and_A:and_F ;
+----------------+-------+------------------------------------------------+
; Parameter Name ; Value ; Type                                           ;
+----------------+-------+------------------------------------------------+
; N              ; 4     ; Signed Integer                                 ;
+----------------+-------+------------------------------------------------+
Note: In order to hide this table in the UI and the text report file, please set the "Show Parameter Settings in Synthesis Report" option in "Analysis and Synthesis Settings -> More Settings" to "Off".


+-----------------------------------------------------------------------+
; Parameter Settings for User Entity Instance: ALU_N_bits:dut|or_A:or_F ;
+----------------+-------+----------------------------------------------+
; Parameter Name ; Value ; Type                                         ;
+----------------+-------+----------------------------------------------+
; N              ; 4     ; Signed Integer                               ;
+----------------+-------+----------------------------------------------+
Note: In order to hide this table in the UI and the text report file, please set the "Show Parameter Settings in Synthesis Report" option in "Analysis and Synthesis Settings -> More Settings" to "Off".


+-------------------------------------------------------------------------+
; Parameter Settings for User Entity Instance: ALU_N_bits:dut|xor_A:xor_F ;
+----------------+-------+------------------------------------------------+
; Parameter Name ; Value ; Type                                           ;
+----------------+-------+------------------------------------------------+
; N              ; 4     ; Signed Integer                                 ;
+----------------+-------+------------------------------------------------+
Note: In order to hide this table in the UI and the text report file, please set the "Show Parameter Settings in Synthesis Report" option in "Analysis and Synthesis Settings -> More Settings" to "Off".


+-------------------------------------------------------------------------+
; Parameter Settings for User Entity Instance: ALU_N_bits:dut|not_A:not_F ;
+----------------+-------+------------------------------------------------+
; Parameter Name ; Value ; Type                                           ;
+----------------+-------+------------------------------------------------+
; N              ; 4     ; Signed Integer                                 ;
+----------------+-------+------------------------------------------------+
Note: In order to hide this table in the UI and the text report file, please set the "Show Parameter Settings in Synthesis Report" option in "Analysis and Synthesis Settings -> More Settings" to "Off".


+---------------------------------------------------------------------------------------+
; Parameter Settings for User Entity Instance: ALU_N_bits:dut|left_shift_arithmetic:lsa ;
+----------------+-------+--------------------------------------------------------------+
; Parameter Name ; Value ; Type                                                         ;
+----------------+-------+--------------------------------------------------------------+
; N              ; 4     ; Signed Integer                                               ;
+----------------+-------+--------------------------------------------------------------+
Note: In order to hide this table in the UI and the text report file, please set the "Show Parameter Settings in Synthesis Report" option in "Analysis and Synthesis Settings -> More Settings" to "Off".


+----------------------------------------------------------------------------------------+
; Parameter Settings for User Entity Instance: ALU_N_bits:dut|right_shift_arithmetic:rsa ;
+----------------+-------+---------------------------------------------------------------+
; Parameter Name ; Value ; Type                                                          ;
+----------------+-------+---------------------------------------------------------------+
; N              ; 4     ; Signed Integer                                                ;
+----------------+-------+---------------------------------------------------------------+
Note: In order to hide this table in the UI and the text report file, please set the "Show Parameter Settings in Synthesis Report" option in "Analysis and Synthesis Settings -> More Settings" to "Off".


+----------------------------------------------------------------------------------+
; Parameter Settings for User Entity Instance: ALU_N_bits:dut|left_shift_logic:lsl ;
+----------------+-------+---------------------------------------------------------+
; Parameter Name ; Value ; Type                                                    ;
+----------------+-------+---------------------------------------------------------+
; N              ; 4     ; Signed Integer                                          ;
+----------------+-------+---------------------------------------------------------+
Note: In order to hide this table in the UI and the text report file, please set the "Show Parameter Settings in Synthesis Report" option in "Analysis and Synthesis Settings -> More Settings" to "Off".


+-----------------------------------------------------------------------------------+
; Parameter Settings for User Entity Instance: ALU_N_bits:dut|right_shift_logic:rsl ;
+----------------+-------+----------------------------------------------------------+
; Parameter Name ; Value ; Type                                                     ;
+----------------+-------+----------------------------------------------------------+
; N              ; 4     ; Signed Integer                                           ;
+----------------+-------+----------------------------------------------------------+
Note: In order to hide this table in the UI and the text report file, please set the "Show Parameter Settings in Synthesis Report" option in "Analysis and Synthesis Settings -> More Settings" to "Off".


+---------------------------------------------------------------------------+
; Parameter Settings for User Entity Instance: ALU_N_bits:dut|mux_ALU:mux_F ;
+----------------+-------+--------------------------------------------------+
; Parameter Name ; Value ; Type                                             ;
+----------------+-------+--------------------------------------------------+
; N              ; 4     ; Signed Integer                                   ;
+----------------+-------+--------------------------------------------------+
Note: In order to hide this table in the UI and the text report file, please set the "Show Parameter Settings in Synthesis Report" option in "Analysis and Synthesis Settings -> More Settings" to "Off".


+---------------------------------------------------------------------------+
; Parameter Settings for User Entity Instance: ALU_N_bits:dut|flags:flags_F ;
+----------------+-------+--------------------------------------------------+
; Parameter Name ; Value ; Type                                             ;
+----------------+-------+--------------------------------------------------+
; N_b            ; 4     ; Signed Integer                                   ;
+----------------+-------+--------------------------------------------------+
Note: In order to hide this table in the UI and the text report file, please set the "Show Parameter Settings in Synthesis Report" option in "Analysis and Synthesis Settings -> More Settings" to "Off".


+---------------------------------------------------------------------------------------------------------------------------+
; Analysis & Elaboration Settings                                                                                           ;
+---------------------------------------------------------------------------------+--------------------+--------------------+
; Option                                                                          ; Setting            ; Default Value      ;
+---------------------------------------------------------------------------------+--------------------+--------------------+
; Device                                                                          ; 5CSEMA5F31C6       ;                    ;
; Top-level entity name                                                           ; tb_ALU             ; Pikachus_Adventure ;
; Family name                                                                     ; Cyclone V          ; Cyclone V          ;
; Use smart compilation                                                           ; Off                ; Off                ;
; Enable parallel Assembler and Timing Analyzer during compilation                ; On                 ; On                 ;
; Enable compact report table                                                     ; Off                ; Off                ;
; Restructure Multiplexers                                                        ; Auto               ; Auto               ;
; MLAB Add Timing Constraints For Mixed-Port Feed-Through Mode Setting Don't Care ; Off                ; Off                ;
; Create Debugging Nodes for IP Cores                                             ; Off                ; Off                ;
; Preserve fewer node names                                                       ; On                 ; On                 ;
; Intel FPGA IP Evaluation Mode                                                   ; Enable             ; Enable             ;
; Verilog Version                                                                 ; Verilog_2001       ; Verilog_2001       ;
; VHDL Version                                                                    ; VHDL_1993          ; VHDL_1993          ;
; State Machine Processing                                                        ; Auto               ; Auto               ;
; Safe State Machine                                                              ; Off                ; Off                ;
; Extract Verilog State Machines                                                  ; On                 ; On                 ;
; Extract VHDL State Machines                                                     ; On                 ; On                 ;
; Ignore Verilog initial constructs                                               ; Off                ; Off                ;
; Iteration limit for constant Verilog loops                                      ; 5000               ; 5000               ;
; Iteration limit for non-constant Verilog loops                                  ; 250                ; 250                ;
; Add Pass-Through Logic to Inferred RAMs                                         ; On                 ; On                 ;
; Infer RAMs from Raw Logic                                                       ; On                 ; On                 ;
; Parallel Synthesis                                                              ; On                 ; On                 ;
; DSP Block Balancing                                                             ; Auto               ; Auto               ;
; NOT Gate Push-Back                                                              ; On                 ; On                 ;
; Power-Up Don't Care                                                             ; On                 ; On                 ;
; Remove Redundant Logic Cells                                                    ; Off                ; Off                ;
; Remove Duplicate Registers                                                      ; On                 ; On                 ;
; Ignore CARRY Buffers                                                            ; Off                ; Off                ;
; Ignore CASCADE Buffers                                                          ; Off                ; Off                ;
; Ignore GLOBAL Buffers                                                           ; Off                ; Off                ;
; Ignore ROW GLOBAL Buffers                                                       ; Off                ; Off                ;
; Ignore LCELL Buffers                                                            ; Off                ; Off                ;
; Ignore SOFT Buffers                                                             ; On                 ; On                 ;
; Limit AHDL Integers to 32 Bits                                                  ; Off                ; Off                ;
; Optimization Technique                                                          ; Balanced           ; Balanced           ;
; Carry Chain Length                                                              ; 70                 ; 70                 ;
; Auto Carry Chains                                                               ; On                 ; On                 ;
; Auto Open-Drain Pins                                                            ; On                 ; On                 ;
; Perform WYSIWYG Primitive Resynthesis                                           ; Off                ; Off                ;
; Auto ROM Replacement                                                            ; On                 ; On                 ;
; Auto RAM Replacement                                                            ; On                 ; On                 ;
; Auto DSP Block Replacement                                                      ; On                 ; On                 ;
; Auto Shift Register Replacement                                                 ; Auto               ; Auto               ;
; Allow Shift Register Merging across Hierarchies                                 ; Auto               ; Auto               ;
; Auto Clock Enable Replacement                                                   ; On                 ; On                 ;
; Strict RAM Replacement                                                          ; Off                ; Off                ;
; Allow Synchronous Control Signals                                               ; On                 ; On                 ;
; Force Use of Synchronous Clear Signals                                          ; Off                ; Off                ;
; Auto Resource Sharing                                                           ; Off                ; Off                ;
; Allow Any RAM Size For Recognition                                              ; Off                ; Off                ;
; Allow Any ROM Size For Recognition                                              ; Off                ; Off                ;
; Allow Any Shift Register Size For Recognition                                   ; Off                ; Off                ;
; Use LogicLock Constraints during Resource Balancing                             ; On                 ; On                 ;
; Ignore translate_off and synthesis_off directives                               ; Off                ; Off                ;
; Timing-Driven Synthesis                                                         ; On                 ; On                 ;
; Report Parameter Settings                                                       ; On                 ; On                 ;
; Report Source Assignments                                                       ; On                 ; On                 ;
; Report Connectivity Checks                                                      ; On                 ; On                 ;
; Ignore Maximum Fan-Out Assignments                                              ; Off                ; Off                ;
; Synchronization Register Chain Length                                           ; 3                  ; 3                  ;
; Power Optimization During Synthesis                                             ; Normal compilation ; Normal compilation ;
; HDL message level                                                               ; Level2             ; Level2             ;
; Suppress Register Optimization Related Messages                                 ; Off                ; Off                ;
; Number of Removed Registers Reported in Synthesis Report                        ; 5000               ; 5000               ;
; Number of Swept Nodes Reported in Synthesis Report                              ; 5000               ; 5000               ;
; Number of Inverted Registers Reported in Synthesis Report                       ; 100                ; 100                ;
; Clock MUX Protection                                                            ; On                 ; On                 ;
; Auto Gated Clock Conversion                                                     ; Off                ; Off                ;
; Block Design Naming                                                             ; Auto               ; Auto               ;
; SDC constraint protection                                                       ; Off                ; Off                ;
; Synthesis Effort                                                                ; Auto               ; Auto               ;
; Shift Register Replacement - Allow Asynchronous Clear Signal                    ; On                 ; On                 ;
; Pre-Mapping Resynthesis Optimization                                            ; Off                ; Off                ;
; Analysis & Synthesis Message Level                                              ; Medium             ; Medium             ;
; Disable Register Merging Across Hierarchies                                     ; Auto               ; Auto               ;
; Resource Aware Inference For Block RAM                                          ; On                 ; On                 ;
; Automatic Parallel Synthesis                                                    ; On                 ; On                 ;
; Partial Reconfiguration Bitstream ID                                            ; Off                ; Off                ;
+---------------------------------------------------------------------------------+--------------------+--------------------+


+----------------------------------------------------------------------------------------------------------------------------+
; Port Connectivity Checks: "ALU_N_bits:dut"                                                                                 ;
+------------------+--------+----------+-------------------------------------------------------------------------------------+
; Port             ; Type   ; Severity ; Details                                                                             ;
+------------------+--------+----------+-------------------------------------------------------------------------------------+
; A                ; Input  ; Info     ; Stuck at GND                                                                        ;
; B[1..0]          ; Input  ; Info     ; Stuck at VCC                                                                        ;
; B[3..2]          ; Input  ; Info     ; Stuck at GND                                                                        ;
; ALUControl[3..1] ; Input  ; Info     ; Stuck at GND                                                                        ;
; ALUControl[0]    ; Input  ; Info     ; Stuck at VCC                                                                        ;
; flags            ; Output ; Info     ; Connected to dangling logic. Logic that only feeds a dangling port will be removed. ;
; RESULT           ; Output ; Info     ; Connected to dangling logic. Logic that only feeds a dangling port will be removed. ;
+------------------+--------+----------+-------------------------------------------------------------------------------------+


+---------------------------------+
; Analysis & Elaboration Messages ;
+---------------------------------+
Info: *******************************************************************
Info: Running Quartus Prime Analysis & Elaboration
    Info: Version 18.0.0 Build 614 04/24/2018 SJ Lite Edition
    Info: Processing started: Mon Nov 12 17:38:11 2018
Info: Command: quartus_map --read_settings_files=on --write_settings_files=off Pikachus_Adventure -c Pikachus_Adventure --analysis_and_elaboration
Warning (18236): Number of processors has not been specified which may cause overloading on shared machines.  Set the global assignment NUM_PARALLEL_PROCESSORS in your QSF to an appropriate value for best performance.
Info (20030): Parallel compilation is enabled and will use 2 of the 2 processors detected
Info (12021): Found 1 design units, including 1 entities, in source file processor/alu/xor_a.sv
    Info (12023): Found entity 1: xor_A File: C:/Users/Chris/Documents/TEC/Taller/Proyecto/Pikachus_Adventure/Processor/ALU/xor_A.sv Line: 1
Info (12021): Found 1 design units, including 1 entities, in source file processor/alu/tb_alu.sv
    Info (12023): Found entity 1: tb_ALU File: C:/Users/Chris/Documents/TEC/Taller/Proyecto/Pikachus_Adventure/Processor/ALU/tb_ALU.sv Line: 1
Info (12021): Found 1 design units, including 1 entities, in source file processor/alu/sumador.sv
    Info (12023): Found entity 1: sumador File: C:/Users/Chris/Documents/TEC/Taller/Proyecto/Pikachus_Adventure/Processor/ALU/sumador.sv Line: 1
Info (12021): Found 1 design units, including 1 entities, in source file processor/alu/simpleadder.sv
    Info (12023): Found entity 1: simpleAdder File: C:/Users/Chris/Documents/TEC/Taller/Proyecto/Pikachus_Adventure/Processor/ALU/simpleAdder.sv Line: 1
Info (12021): Found 1 design units, including 1 entities, in source file processor/alu/right_shift_logic.sv
    Info (12023): Found entity 1: right_shift_logic File: C:/Users/Chris/Documents/TEC/Taller/Proyecto/Pikachus_Adventure/Processor/ALU/right_shift_logic.sv Line: 1
Info (12021): Found 1 design units, including 1 entities, in source file processor/alu/right_shift_arithmetic.sv
    Info (12023): Found entity 1: right_shift_arithmetic File: C:/Users/Chris/Documents/TEC/Taller/Proyecto/Pikachus_Adventure/Processor/ALU/right_shift_arithmetic.sv Line: 1
Info (12021): Found 1 design units, including 1 entities, in source file processor/alu/or_a.sv
    Info (12023): Found entity 1: or_A File: C:/Users/Chris/Documents/TEC/Taller/Proyecto/Pikachus_Adventure/Processor/ALU/or_A.sv Line: 1
Info (12021): Found 1 design units, including 1 entities, in source file processor/alu/not_a.sv
    Info (12023): Found entity 1: not_A File: C:/Users/Chris/Documents/TEC/Taller/Proyecto/Pikachus_Adventure/Processor/ALU/not_A.sv Line: 1
Info (12021): Found 1 design units, including 1 entities, in source file processor/alu/mux_sumador.sv
    Info (12023): Found entity 1: mux_Sumador File: C:/Users/Chris/Documents/TEC/Taller/Proyecto/Pikachus_Adventure/Processor/ALU/mux_Sumador.sv Line: 1
Info (12021): Found 1 design units, including 1 entities, in source file processor/alu/mux_alu.sv
    Info (12023): Found entity 1: mux_ALU File: C:/Users/Chris/Documents/TEC/Taller/Proyecto/Pikachus_Adventure/Processor/ALU/mux_ALU.sv Line: 1
Info (12021): Found 1 design units, including 1 entities, in source file processor/alu/left_shift_logic.sv
    Info (12023): Found entity 1: left_shift_logic File: C:/Users/Chris/Documents/TEC/Taller/Proyecto/Pikachus_Adventure/Processor/ALU/left_shift_logic.sv Line: 1
Info (12021): Found 1 design units, including 1 entities, in source file processor/alu/left_shift_arithmetic.sv
    Info (12023): Found entity 1: left_shift_arithmetic File: C:/Users/Chris/Documents/TEC/Taller/Proyecto/Pikachus_Adventure/Processor/ALU/left_shift_arithmetic.sv Line: 1
Info (12021): Found 1 design units, including 1 entities, in source file processor/alu/flags.sv
    Info (12023): Found entity 1: flags File: C:/Users/Chris/Documents/TEC/Taller/Proyecto/Pikachus_Adventure/Processor/ALU/flags.sv Line: 1
Info (12021): Found 1 design units, including 1 entities, in source file processor/alu/and_a.sv
    Info (12023): Found entity 1: and_A File: C:/Users/Chris/Documents/TEC/Taller/Proyecto/Pikachus_Adventure/Processor/ALU/and_A.sv Line: 1
Info (12021): Found 1 design units, including 1 entities, in source file processor/alu/alu_n_bits.sv
    Info (12023): Found entity 1: ALU_N_bits File: C:/Users/Chris/Documents/TEC/Taller/Proyecto/Pikachus_Adventure/Processor/ALU/ALU_N_bits.sv Line: 1
Info (12021): Found 1 design units, including 1 entities, in source file processor/register_file.sv
    Info (12023): Found entity 1: register_file File: C:/Users/Chris/Documents/TEC/Taller/Proyecto/Pikachus_Adventure/Processor/register_file.sv Line: 1
Info (12021): Found 1 design units, including 1 entities, in source file processor/reg_en.sv
    Info (12023): Found entity 1: REG_EN File: C:/Users/Chris/Documents/TEC/Taller/Proyecto/Pikachus_Adventure/Processor/REG_EN.sv Line: 1
Info (12021): Found 1 design units, including 1 entities, in source file processor/processor.sv
    Info (12023): Found entity 1: PROCESSOR File: C:/Users/Chris/Documents/TEC/Taller/Proyecto/Pikachus_Adventure/Processor/PROCESSOR.sv Line: 1
Info (12021): Found 1 design units, including 1 entities, in source file processor/pc_reg.sv
    Info (12023): Found entity 1: PC_REG File: C:/Users/Chris/Documents/TEC/Taller/Proyecto/Pikachus_Adventure/Processor/PC_REG.sv Line: 1
Info (12021): Found 1 design units, including 1 entities, in source file processor/muxarm.sv
    Info (12023): Found entity 1: muxARM File: C:/Users/Chris/Documents/TEC/Taller/Proyecto/Pikachus_Adventure/Processor/muxARM.sv Line: 1
Info (12021): Found 1 design units, including 1 entities, in source file processor/instruction_memory.sv
    Info (12023): Found entity 1: instruction_memory File: C:/Users/Chris/Documents/TEC/Taller/Proyecto/Pikachus_Adventure/Processor/instruction_memory.sv Line: 1
Info (12021): Found 1 design units, including 1 entities, in source file processor/extend.sv
    Info (12023): Found entity 1: extend File: C:/Users/Chris/Documents/TEC/Taller/Proyecto/Pikachus_Adventure/Processor/extend.sv Line: 1
Info (12021): Found 1 design units, including 1 entities, in source file processor/decoder.sv
    Info (12023): Found entity 1: decoder File: C:/Users/Chris/Documents/TEC/Taller/Proyecto/Pikachus_Adventure/Processor/decoder.sv Line: 1
Info (12021): Found 1 design units, including 1 entities, in source file processor/data_path.sv
    Info (12023): Found entity 1: data_path File: C:/Users/Chris/Documents/TEC/Taller/Proyecto/Pikachus_Adventure/Processor/data_path.sv Line: 1
Info (12021): Found 1 design units, including 1 entities, in source file processor/data_memory.sv
    Info (12023): Found entity 1: data_memory File: C:/Users/Chris/Documents/TEC/Taller/Proyecto/Pikachus_Adventure/Processor/data_memory.sv Line: 1
Info (12021): Found 1 design units, including 1 entities, in source file processor/control_unit.sv
    Info (12023): Found entity 1: control_unit File: C:/Users/Chris/Documents/TEC/Taller/Proyecto/Pikachus_Adventure/Processor/control_unit.sv Line: 1
Info (12021): Found 1 design units, including 1 entities, in source file processor/conditions.sv
    Info (12023): Found entity 1: conditions File: C:/Users/Chris/Documents/TEC/Taller/Proyecto/Pikachus_Adventure/Processor/conditions.sv Line: 1
Info (12021): Found 1 design units, including 1 entities, in source file processor/conditional_logic.sv
    Info (12023): Found entity 1: conditional_logic File: C:/Users/Chris/Documents/TEC/Taller/Proyecto/Pikachus_Adventure/Processor/conditional_logic.sv Line: 1
Info (12021): Found 1 design units, including 1 entities, in source file processor/armv4.sv
    Info (12023): Found entity 1: ARMV4 File: C:/Users/Chris/Documents/TEC/Taller/Proyecto/Pikachus_Adventure/Processor/ARMV4.sv Line: 1
Info (12021): Found 1 design units, including 1 entities, in source file processor/adderarm.sv
    Info (12023): Found entity 1: adderARM File: C:/Users/Chris/Documents/TEC/Taller/Proyecto/Pikachus_Adventure/Processor/adderARM.sv Line: 1
Info (12021): Found 1 design units, including 1 entities, in source file block_repeater.sv
    Info (12023): Found entity 1: block_repeater File: C:/Users/Chris/Documents/TEC/Taller/Proyecto/Pikachus_Adventure/block_repeater.sv Line: 1
Info (12021): Found 1 design units, including 1 entities, in source file sprite_tb.sv
    Info (12023): Found entity 1: sprite_tb File: C:/Users/Chris/Documents/TEC/Taller/Proyecto/Pikachus_Adventure/sprite_tb.sv Line: 1
Info (12021): Found 1 design units, including 1 entities, in source file /users/chris/documents/tec/taller/7segmentdisplay/sevensegmentdisplay.sv
    Info (12023): Found entity 1: sevenSegmentDisplay File: C:/Users/Chris/Documents/TEC/Taller/7SegmentDisplay/sevenSegmentDisplay.sv Line: 1
Info (12021): Found 1 design units, including 1 entities, in source file /users/chris/documents/tec/taller/proyecto/ps-2_controller/keyboard_controller.sv
    Info (12023): Found entity 1: keyboard_controller File: C:/Users/Chris/Documents/TEC/Taller/Proyecto/PS-2_Controller/keyboard_controller.sv Line: 1
Info (12021): Found 1 design units, including 1 entities, in source file /users/chris/documents/tec/taller/lab_5/vga_controller_fpga/vga_controller.sv
    Info (12023): Found entity 1: VGA_Controller File: C:/Users/Chris/Documents/TEC/Taller/LAB_5/VGA_Controller_FPGA/VGA_Controller.sv Line: 1
Info (12021): Found 1 design units, including 1 entities, in source file main.sv
    Info (12023): Found entity 1: main File: C:/Users/Chris/Documents/TEC/Taller/Proyecto/Pikachus_Adventure/main.sv Line: 1
Info (12021): Found 1 design units, including 1 entities, in source file pikachu.sv
    Info (12023): Found entity 1: pikachu File: C:/Users/Chris/Documents/TEC/Taller/Proyecto/Pikachus_Adventure/pikachu.sv Line: 1
Info (12021): Found 1 design units, including 1 entities, in source file block.sv
    Info (12023): Found entity 1: block File: C:/Users/Chris/Documents/TEC/Taller/Proyecto/Pikachus_Adventure/block.sv Line: 1
Info (12021): Found 1 design units, including 1 entities, in source file color_mux.sv
    Info (12023): Found entity 1: color_mux File: C:/Users/Chris/Documents/TEC/Taller/Proyecto/Pikachus_Adventure/color_mux.sv Line: 1
Info (12021): Found 1 design units, including 1 entities, in source file block_repeater_tb.sv
    Info (12023): Found entity 1: block_repeater_tb File: C:/Users/Chris/Documents/TEC/Taller/Proyecto/Pikachus_Adventure/block_repeater_tb.sv Line: 1
Info (12021): Found 1 design units, including 1 entities, in source file cloud.sv
    Info (12023): Found entity 1: cloud File: C:/Users/Chris/Documents/TEC/Taller/Proyecto/Pikachus_Adventure/cloud.sv Line: 1
Info (12021): Found 1 design units, including 1 entities, in source file tb_assembly.sv
    Info (12023): Found entity 1: tb_assembly File: C:/Users/Chris/Documents/TEC/Taller/Proyecto/Pikachus_Adventure/tb_assembly.sv Line: 1
Info (12021): Found 1 design units, including 1 entities, in source file coin.sv
    Info (12023): Found entity 1: coin File: C:/Users/Chris/Documents/TEC/Taller/Proyecto/Pikachus_Adventure/coin.sv Line: 1
Info (12021): Found 1 design units, including 1 entities, in source file numbers.sv
    Info (12023): Found entity 1: numbers File: C:/Users/Chris/Documents/TEC/Taller/Proyecto/Pikachus_Adventure/numbers.sv Line: 1
Warning (10236): Verilog HDL Implicit Net warning at main.sv(21): created implicit net for "video_on" File: C:/Users/Chris/Documents/TEC/Taller/Proyecto/Pikachus_Adventure/main.sv Line: 21
Warning (10236): Verilog HDL Implicit Net warning at main.sv(29): created implicit net for "MemWrite" File: C:/Users/Chris/Documents/TEC/Taller/Proyecto/Pikachus_Adventure/main.sv Line: 29
Warning (10236): Verilog HDL Implicit Net warning at tb_assembly.sv(20): created implicit net for "offset_ARM" File: C:/Users/Chris/Documents/TEC/Taller/Proyecto/Pikachus_Adventure/tb_assembly.sv Line: 20
Info (12127): Elaborating entity "tb_ALU" for the top level hierarchy
Info (12128): Elaborating entity "ALU_N_bits" for hierarchy "ALU_N_bits:dut" File: C:/Users/Chris/Documents/TEC/Taller/Proyecto/Pikachus_Adventure/Processor/ALU/tb_ALU.sv Line: 6
Info (12128): Elaborating entity "mux_Sumador" for hierarchy "ALU_N_bits:dut|mux_Sumador:mux_S" File: C:/Users/Chris/Documents/TEC/Taller/Proyecto/Pikachus_Adventure/Processor/ALU/ALU_N_bits.sv Line: 25
Info (12128): Elaborating entity "sumador" for hierarchy "ALU_N_bits:dut|sumador:suma_F" File: C:/Users/Chris/Documents/TEC/Taller/Proyecto/Pikachus_Adventure/Processor/ALU/ALU_N_bits.sv Line: 26
Info (12128): Elaborating entity "and_A" for hierarchy "ALU_N_bits:dut|and_A:and_F" File: C:/Users/Chris/Documents/TEC/Taller/Proyecto/Pikachus_Adventure/Processor/ALU/ALU_N_bits.sv Line: 27
Info (12128): Elaborating entity "or_A" for hierarchy "ALU_N_bits:dut|or_A:or_F" File: C:/Users/Chris/Documents/TEC/Taller/Proyecto/Pikachus_Adventure/Processor/ALU/ALU_N_bits.sv Line: 28
Info (12128): Elaborating entity "xor_A" for hierarchy "ALU_N_bits:dut|xor_A:xor_F" File: C:/Users/Chris/Documents/TEC/Taller/Proyecto/Pikachus_Adventure/Processor/ALU/ALU_N_bits.sv Line: 29
Info (12128): Elaborating entity "not_A" for hierarchy "ALU_N_bits:dut|not_A:not_F" File: C:/Users/Chris/Documents/TEC/Taller/Proyecto/Pikachus_Adventure/Processor/ALU/ALU_N_bits.sv Line: 30
Info (12128): Elaborating entity "left_shift_arithmetic" for hierarchy "ALU_N_bits:dut|left_shift_arithmetic:lsa" File: C:/Users/Chris/Documents/TEC/Taller/Proyecto/Pikachus_Adventure/Processor/ALU/ALU_N_bits.sv Line: 31
Info (12128): Elaborating entity "right_shift_arithmetic" for hierarchy "ALU_N_bits:dut|right_shift_arithmetic:rsa" File: C:/Users/Chris/Documents/TEC/Taller/Proyecto/Pikachus_Adventure/Processor/ALU/ALU_N_bits.sv Line: 32
Info (12128): Elaborating entity "left_shift_logic" for hierarchy "ALU_N_bits:dut|left_shift_logic:lsl" File: C:/Users/Chris/Documents/TEC/Taller/Proyecto/Pikachus_Adventure/Processor/ALU/ALU_N_bits.sv Line: 33
Info (12128): Elaborating entity "right_shift_logic" for hierarchy "ALU_N_bits:dut|right_shift_logic:rsl" File: C:/Users/Chris/Documents/TEC/Taller/Proyecto/Pikachus_Adventure/Processor/ALU/ALU_N_bits.sv Line: 34
Info (12128): Elaborating entity "mux_ALU" for hierarchy "ALU_N_bits:dut|mux_ALU:mux_F" File: C:/Users/Chris/Documents/TEC/Taller/Proyecto/Pikachus_Adventure/Processor/ALU/ALU_N_bits.sv Line: 37
Info (12128): Elaborating entity "flags" for hierarchy "ALU_N_bits:dut|flags:flags_F" File: C:/Users/Chris/Documents/TEC/Taller/Proyecto/Pikachus_Adventure/Processor/ALU/ALU_N_bits.sv Line: 40
Info (144001): Generated suppressed messages file C:/Users/Chris/Documents/TEC/Taller/Proyecto/Pikachus_Adventure/output_files/Pikachus_Adventure.map.smsg
Info: Quartus Prime Analysis & Elaboration was successful. 0 errors, 4 warnings
    Info: Peak virtual memory: 4800 megabytes
    Info: Processing ended: Mon Nov 12 17:38:29 2018
    Info: Elapsed time: 00:00:18
    Info: Total CPU time (on all processors): 00:00:40


+--------------------------------------------+
; Analysis & Elaboration Suppressed Messages ;
+--------------------------------------------+
The suppressed messages can be found in C:/Users/Chris/Documents/TEC/Taller/Proyecto/Pikachus_Adventure/output_files/Pikachus_Adventure.map.smsg.


